eeschema (22-Jun-2014 BZR 4027)-stable  >> Creation date: 2015-02-10T20:00:22 EET
#Cmp ( order = Reference )
| C1         0.1u        
| C2         0.1u        
| C3         0.1u        
| C4         0.1u        
| C5         0.1u        
| C6         0.1u        
| C7         0.1u        
| C8         0.1u        
| C9         0.1u        
| C10        0.1u        
| C11        1n          
| C12        0.1u        
| C13        1n          
| C14        0.1u        
| C15        0.1u        
| C16        1n          
| C17        10n         
| C18        0.1u        
| C19        4.7n        
| C20        0.1u        
| C21        0.1u        
| C22        0.1u        
| C23        0.1u        
| C24        1n          
| C25        10n         
| C26        0.1u        
| C27        0.1u        
| C28        0.1u        
| C29        2.2u        
| C30        2.2u        
| C31        470p        
| C32        1u          
| C33        1u          
| C34        1u          
| C35        1u          
| C36        1u          
| C37        1u          
| C38        1u          
| CON1       5VDC_IN     
| J1         VGA         
| P1         SCART-F     
| P2         CONN_20X2   
| P3         SMA_PCLK    
| R1         75          
| R2         75          
| R3         75          
| R4         75          
| R5         75          
| R6         75          
| R7         75          
| R8         75          
| R9         75          
| R10        75          
| R11        1.5k        
| R12        330         
| R13        2.2k        
| R14        2.2k        
| R15        2.2k        
| U1         TVP7002PZP  
| U2         3XRCA_CONN  
| U3         ACHL-27MHZ-EK
| U4         SN74LVC2G17 
| U5         MIC5210     
| U6         TLV71209DBV 
| U7         TLV71209DBV 
| U8         TLV71209DBV 
#End Cmp

#Cmp ( order = Value )
| 470p         C31       
| 1n           C11       
| 1n           C13       
| 1n           C16       
| 1n           C24       
| 4.7n         C19       
| 10n          C17       
| 10n          C25       
| 0.1u         C1        
| 0.1u         C2        
| 0.1u         C3        
| 0.1u         C4        
| 0.1u         C5        
| 0.1u         C6        
| 0.1u         C7        
| 0.1u         C8        
| 0.1u         C9        
| 0.1u         C10       
| 0.1u         C12       
| 0.1u         C14       
| 0.1u         C15       
| 0.1u         C18       
| 0.1u         C20       
| 0.1u         C21       
| 0.1u         C22       
| 0.1u         C23       
| 0.1u         C26       
| 0.1u         C27       
| 0.1u         C28       
| 1u           C32       
| 1u           C33       
| 1u           C34       
| 1u           C35       
| 1u           C36       
| 1u           C37       
| 1u           C38       
| 2.2u         C29       
| 2.2u         C30       
| 5VDC_IN      CON1      
| VGA          J1        
| SCART-F      P1        
| CONN_20X2    P2        
| SMA_PCLK     P3        
| 75           R1        
| 75           R2        
| 75           R3        
| 75           R4        
| 75           R5        
| 75           R6        
| 75           R7        
| 75           R8        
| 75           R9        
| 75           R10       
| 330          R12       
| 1.5k         R11       
| 2.2k         R13       
| 2.2k         R14       
| 2.2k         R15       
| TVP7002PZP   U1        
| 3XRCA_CONN   U2        
| ACHL-27MHZ-EK U3        
| SN74LVC2G17  U4        
| MIC5210      U5        
| TLV71209DBV  U6        
| TLV71209DBV  U7        
| TLV71209DBV  U8        
#End Cmp

#End List
